{"/home/jirei/MyProgramming/add-timeout-to-function/src/index.ts": {"path":"/home/jirei/MyProgramming/add-timeout-to-function/src/index.ts","all":false,"statementMap":{"0":{"start":{"line":1,"column":0},"end":{"line":1,"column":165}},"1":{"start":{"line":2,"column":0},"end":{"line":2,"column":23}},"2":{"start":{"line":3,"column":0},"end":{"line":3,"column":35}},"3":{"start":{"line":4,"column":0},"end":{"line":4,"column":53}},"4":{"start":{"line":5,"column":0},"end":{"line":5,"column":22}},"5":{"start":{"line":6,"column":0},"end":{"line":6,"column":5}},"6":{"start":{"line":7,"column":0},"end":{"line":7,"column":38}},"7":{"start":{"line":8,"column":0},"end":{"line":8,"column":32}},"8":{"start":{"line":9,"column":0},"end":{"line":9,"column":22}},"9":{"start":{"line":10,"column":0},"end":{"line":10,"column":9}},"10":{"start":{"line":11,"column":0},"end":{"line":11,"column":21}},"11":{"start":{"line":12,"column":0},"end":{"line":12,"column":24}},"12":{"start":{"line":13,"column":0},"end":{"line":13,"column":46}},"13":{"start":{"line":14,"column":0},"end":{"line":14,"column":59}},"14":{"start":{"line":15,"column":0},"end":{"line":15,"column":43}},"15":{"start":{"line":16,"column":0},"end":{"line":16,"column":22}},"16":{"start":{"line":17,"column":0},"end":{"line":17,"column":10}},"17":{"start":{"line":18,"column":0},"end":{"line":18,"column":7}},"18":{"start":{"line":19,"column":0},"end":{"line":19,"column":1}},"19":{"start":{"line":20,"column":0},"end":{"line":20,"column":0}},"20":{"start":{"line":21,"column":0},"end":{"line":21,"column":86}},"21":{"start":{"line":22,"column":0},"end":{"line":22,"column":0}},"22":{"start":{"line":23,"column":0},"end":{"line":23,"column":0}},"23":{"start":{"line":24,"column":0},"end":{"line":24,"column":41}},"24":{"start":{"line":25,"column":0},"end":{"line":25,"column":32}},"25":{"start":{"line":26,"column":0},"end":{"line":26,"column":19}},"26":{"start":{"line":27,"column":0},"end":{"line":27,"column":31}},"27":{"start":{"line":28,"column":0},"end":{"line":28,"column":3}},"28":{"start":{"line":29,"column":0},"end":{"line":29,"column":1}}},"s":{"0":7,"1":7,"2":7,"3":7,"4":7,"5":7,"6":7,"7":5,"8":5,"9":7,"10":7,"11":7,"12":7,"13":5,"14":5,"15":7,"16":7,"17":7,"18":7,"19":1,"20":1,"21":1,"22":1,"23":1,"24":1,"25":5,"26":5,"27":5,"28":1},"branchMap":{"0":{"type":"branch","line":1,"loc":{"start":{"line":1,"column":0},"end":{"line":19,"column":1}},"locations":[{"start":{"line":1,"column":0},"end":{"line":19,"column":1}}]},"1":{"type":"branch","line":3,"loc":{"start":{"line":3,"column":20},"end":{"line":3,"column":35}},"locations":[{"start":{"line":3,"column":20},"end":{"line":3,"column":35}}]},"2":{"type":"branch","line":7,"loc":{"start":{"line":7,"column":27},"end":{"line":10,"column":7}},"locations":[{"start":{"line":7,"column":27},"end":{"line":10,"column":7}}]},"3":{"type":"branch","line":12,"loc":{"start":{"line":12,"column":8},"end":{"line":17,"column":9}},"locations":[{"start":{"line":12,"column":8},"end":{"line":17,"column":9}}]},"4":{"type":"branch","line":13,"loc":{"start":{"line":13,"column":33},"end":{"line":16,"column":13}},"locations":[{"start":{"line":13,"column":33},"end":{"line":16,"column":13}}]},"5":{"type":"branch","line":15,"loc":{"start":{"line":15,"column":12},"end":{"line":15,"column":43}},"locations":[{"start":{"line":15,"column":12},"end":{"line":15,"column":43}}]},"6":{"type":"branch","line":15,"loc":{"start":{"line":15,"column":41},"end":{"line":15,"column":43}},"locations":[{"start":{"line":15,"column":41},"end":{"line":15,"column":43}}]},"7":{"type":"branch","line":25,"loc":{"start":{"line":25,"column":2},"end":{"line":28,"column":3}},"locations":[{"start":{"line":25,"column":2},"end":{"line":28,"column":3}}]}},"b":{"0":[7],"1":[1],"2":[5],"3":[7],"4":[5],"5":[1],"6":[1],"7":[5]},"fnMap":{"0":{"name":"addTimeoutToFunction","decl":{"start":{"line":1,"column":0},"end":{"line":19,"column":1}},"loc":{"start":{"line":1,"column":0},"end":{"line":19,"column":1}},"line":1},"1":{"name":"hasTimedOut","decl":{"start":{"line":3,"column":20},"end":{"line":3,"column":35}},"loc":{"start":{"line":3,"column":20},"end":{"line":3,"column":35}},"line":3},"2":{"name":"TimeoutError","decl":{"start":{"line":25,"column":2},"end":{"line":28,"column":3}},"loc":{"start":{"line":25,"column":2},"end":{"line":28,"column":3}},"line":25}},"f":{"0":7,"1":1,"2":5}}
}
